<html>
<head>
<title>TestNG:  Test Execution using testNG</title>
<link href="../testng.css" rel="stylesheet" type="text/css" />
<link href="../my-testng.css" rel="stylesheet" type="text/css" />

<style type="text/css">
.log { display: none;} 
.stack-trace { display: none;} 
</style>
<script type="text/javascript">
<!--
function flip(e) {
  current = e.style.display;
  if (current == 'block') {
    e.style.display = 'none';
    return 0;
  }
  else {
    e.style.display = 'block';
    return 1;
  }
}

function toggleBox(szDivId, elem, msg1, msg2)
{
  var res = -1;  if (document.getElementById) {
    res = flip(document.getElementById(szDivId));
  }
  else if (document.all) {
    // this is the way old msie versions work
    res = flip(document.all[szDivId]);
  }
  if(elem) {
    if(res == 0) elem.innerHTML = msg1; else elem.innerHTML = msg2;
  }

}

function toggleAllBoxes() {
  if (document.getElementsByTagName) {
    d = document.getElementsByTagName('div');
    for (i = 0; i < d.length; i++) {
      if (d[i].className == 'log') {
        flip(d[i]);
      }
    }
  }
}

// -->
</script>

</head>
<body>
<h2 align='center'>Test Execution using testNG</h2><table border='1' align="center">
<tr>
<td>Tests passed/Failed/Skipped:</td><td>31/1/0</td>
</tr><tr>
<td>Started on:</td><td>Wed Feb 21 19:53:41 IST 2024</td>
</tr>
<tr><td>Total time:</td><td>737 seconds (737568 ms)</td>
</tr><tr>
<td>Included groups:</td><td>Sanity_test Regression_Test </td>
</tr><tr>
<td>Excluded groups:</td><td></td>
</tr>
</table><p/>
<small><i>(Hover the method name to see the test class name)</i></small><p/>
<table width='100%' border='1' class='invocation-failed'>
<tr><td colspan='4' align='center'><b>FAILED TESTS</b></td></tr>
<tr><td><b>Test method</b></td>
<td width="30%"><b>Exception</b></td>
<td width="10%"><b>Time (seconds)</b></td>
<td><b>Instance</b></td>
</tr>
<tr>
<td title='Tests.QKART_Tests.TestCase08()'><b>TestCase08</b><br>Test class: Tests.QKART_Tests<br>Test method: Verify that insufficient balance error is thrown when the wallet balance is not enough<br>Parameters: SuitCase, 50</td>
<td><div><pre>java.lang.AssertionError: Insufficient balance message not shown expected [true] but found [false]
	at org.testng.Assert.fail(Assert.java:99)
	at org.testng.Assert.failNotEquals(Assert.java:1037)
	at org.testng.Assert.assertTrue(Assert.java:45)
	at Tests.QKART_Tests.TestCase08(QKART_Tests.java:416)
	at java.base/jdk.internal.reflect.DirectMethodHandleAccessor.invoke(DirectMethodHandleAccessor.java:103)
	at java.base/java.lang.reflect.Method.invoke(Method.java:580)
	at org.testng.internal.MethodInvocationHelper.invokeMethod(MethodInvocationHelper.java:133)
	at org.testng.internal.TestInvoker.invokeMethod(TestInvoker.java:598)
	at org.testng.internal.TestInvoker.invokeTestMethod(TestInvoker.java:173)
	at org.testng.internal.MethodRunner.runInSequence(MethodRunner.java:46)
	at org.testng.internal.TestInvoker$MethodInvocationAgent.invoke(TestInvoker.java:824)
	at org.testng.internal.TestInvoker.invokeTestMethods(TestInvoker.java:146)
	at org.testng.internal.TestMethodWorker.invokeTestMethods(TestMethodWorker.java:146)
	at org.testng.internal.TestMethodWorker.run(TestMethodWorker.java:128)
	at java.base/java.util.ArrayList.forEach(ArrayList.java:1596)
	at org.testng.TestRunner.privateRun(TestRunner.java:794)
	at org.testng.TestRunner.run(TestRunner.java:596)
	at org.testng.SuiteRunner.runTest(SuiteRunner.java:377)
	at org.testng.SuiteRunner.runSequentially(SuiteRunner.java:371)
	at org.testng.SuiteRunner.privateRun(SuiteRunner.java:332)
	at org.testng.SuiteRunner.run(SuiteRunner.java:276)
	at org.testng.SuiteRunnerWorker.runSuite(SuiteRunnerWorker.java:53)
	at org.testng.SuiteRunnerWorker.run(SuiteRunnerWorker.java:96)
	at org.testng.TestNG.runSuitesSequentially(TestNG.java:1212)
	at org.testng.TestNG.runSuitesLocally(TestNG.java:1134)
	at org.testng.TestNG.runSuites(TestNG.java:1063)
	at org.testng.TestNG.run(TestNG.java:1031)
	at org.testng.remote.AbstractRemoteTestNG.run(AbstractRemoteTestNG.java:115)
	at org.testng.remote.RemoteTestNG.initAndRun(RemoteTestNG.java:251)
	at org.testng.remote.RemoteTestNG.main(RemoteTestNG.java:77)
</pre></div><a href='#' onClick='toggleBox("stack-trace115457323", this, "Click to show all stack frames", "Click to hide stack frames")'>Click to show all stack frames</a>
<div class='stack-trace' id='stack-trace115457323'><pre>java.lang.AssertionError: Insufficient balance message not shown expected [true] but found [false]
	at org.testng.Assert.fail(Assert.java:99)
	at org.testng.Assert.failNotEquals(Assert.java:1037)
	at org.testng.Assert.assertTrue(Assert.java:45)
	at Tests.QKART_Tests.TestCase08(QKART_Tests.java:416)
	at java.base/jdk.internal.reflect.DirectMethodHandleAccessor.invoke(DirectMethodHandleAccessor.java:103)
	at java.base/java.lang.reflect.Method.invoke(Method.java:580)
	at org.testng.internal.MethodInvocationHelper.invokeMethod(MethodInvocationHelper.java:133)
	at org.testng.internal.TestInvoker.invokeMethod(TestInvoker.java:598)
	at org.testng.internal.TestInvoker.invokeTestMethod(TestInvoker.java:173)
	at org.testng.internal.MethodRunner.runInSequence(MethodRunner.java:46)
	at org.testng.internal.TestInvoker$MethodInvocationAgent.invoke(TestInvoker.java:824)
	at org.testng.internal.TestInvoker.invokeTestMethods(TestInvoker.java:146)
	at org.testng.internal.TestMethodWorker.invokeTestMethods(TestMethodWorker.java:146)
	at org.testng.internal.TestMethodWorker.run(TestMethodWorker.java:128)
	at java.base/java.util.ArrayList.forEach(ArrayList.java:1596)
	at org.testng.TestRunner.privateRun(TestRunner.java:794)
	at org.testng.TestRunner.run(TestRunner.java:596)
	at org.testng.SuiteRunner.runTest(SuiteRunner.java:377)
	at org.testng.SuiteRunner.runSequentially(SuiteRunner.java:371)
	at org.testng.SuiteRunner.privateRun(SuiteRunner.java:332)
	at org.testng.SuiteRunner.run(SuiteRunner.java:276)
	at org.testng.SuiteRunnerWorker.runSuite(SuiteRunnerWorker.java:53)
	at org.testng.SuiteRunnerWorker.run(SuiteRunnerWorker.java:96)
	at org.testng.TestNG.runSuitesSequentially(TestNG.java:1212)
	at org.testng.TestNG.runSuitesLocally(TestNG.java:1134)
	at org.testng.TestNG.runSuites(TestNG.java:1063)
	at org.testng.TestNG.run(TestNG.java:1031)
	at org.testng.remote.AbstractRemoteTestNG.run(AbstractRemoteTestNG.java:115)
	at org.testng.remote.RemoteTestNG.initAndRun(RemoteTestNG.java:251)
	at org.testng.remote.RemoteTestNG.main(RemoteTestNG.java:77)
</pre></div></td>
<td>40</td>
<td>Tests.QKART_Tests@52bf72b5</td></tr>
</table><p>
<table width='100%' border='1' class='invocation-passed'>
<tr><td colspan='4' align='center'><b>PASSED TESTS</b></td></tr>
<tr><td><b>Test method</b></td>
<td width="30%"><b>Exception</b></td>
<td width="10%"><b>Time (seconds)</b></td>
<td><b>Instance</b></td>
</tr>
<tr>
<td title='Tests.QKART_Tests.TestCase12()'><b>TestCase12</b><br>Test class: Tests.QKART_Tests<br>Test method: Ensure that the Advertisement Links on the QKART page are clickable<br>Parameters: Connector, Apple Park, Cupertino, CA, U.S. - CA</td>
<td></td>
<td>25</td>
<td>Tests.QKART_Tests@52bf72b5</td></tr>
<tr>
<td title='Tests.QKART_Tests.TestCase04()'><b>TestCase04</b><br>Test class: Tests.QKART_Tests<br>Test method: Verify the existence of size chart for certain items and validate contents of size chart<br>Parameters: HandBag</td>
<td></td>
<td>10</td>
<td>Tests.QKART_Tests@52bf72b5</td></tr>
<tr>
<td title='Tests.QKART_Tests.TestCase11()'><b>TestCase11</b><br>Test class: Tests.QKART_Tests<br>Test method: Verify that the contact us dialog works fine<br>Parameters: facebook user, test_user__@gmail.com, !!!special characters!!</td>
<td></td>
<td>2</td>
<td>Tests.QKART_Tests@52bf72b5</td></tr>
<tr>
<td title='Tests.QKART_Tests.TestCase12()'><b>TestCase12</b><br>Test class: Tests.QKART_Tests<br>Test method: Ensure that the Advertisement Links on the QKART page are clickable<br>Parameters: YONEX Smash Badminton Racquet, Addr line 1 addr Line 2 addr line 3</td>
<td></td>
<td>23</td>
<td>Tests.QKART_Tests@52bf72b5</td></tr>
<tr>
<td title='Tests.QKART_Tests.TestCase08()'><b>TestCase08</b><br>Test class: Tests.QKART_Tests<br>Test method: Verify that insufficient balance error is thrown when the wallet balance is not enough<br>Parameters: Tan Leatherette Weekender Duffle, 60</td>
<td></td>
<td>111</td>
<td>Tests.QKART_Tests@52bf72b5</td></tr>
<tr>
<td title='Tests.QKART_Tests.TestCase03()'><b>TestCase03</b><br>Test class: Tests.QKART_Tests<br>Test method: Verify the functionality of search text box<br>Parameters: YONEX</td>
<td></td>
<td>7</td>
<td>Tests.QKART_Tests@52bf72b5</td></tr>
<tr>
<td title='Tests.QKART_Tests.TestCase06()'><b>TestCase06</b><br>Test class: Tests.QKART_Tests<br>Test method: Verify that the contents of the cart can be edited<br>Parameters: Connector, Kindle</td>
<td></td>
<td>30</td>
<td>Tests.QKART_Tests@52bf72b5</td></tr>
<tr>
<td title='Tests.QKART_Tests.TestCase12()'><b>TestCase12</b><br>Test class: Tests.QKART_Tests<br>Test method: Ensure that the Advertisement Links on the QKART page are clickable<br>Parameters: Kindle, Dubai main road , Near Bus Stand</td>
<td></td>
<td>25</td>
<td>Tests.QKART_Tests@52bf72b5</td></tr>
<tr>
<td title='Tests.QKART_Tests.TestCase02()'><b>TestCase02</b><br>Test class: Tests.QKART_Tests<br>Test method: Verify re-registering an already registered user fails<br>Parameters: testUsername123, testPassword123</td>
<td></td>
<td>11</td>
<td>Tests.QKART_Tests@52bf72b5</td></tr>
<tr>
<td title='Tests.QKART_Tests.TestCase02()'><b>TestCase02</b><br>Test class: Tests.QKART_Tests<br>Test method: Verify re-registering an already registered user fails<br>Parameters: testUsername, testPassword</td>
<td></td>
<td>11</td>
<td>Tests.QKART_Tests@52bf72b5</td></tr>
<tr>
<td title='Tests.QKART_Tests.TestCase08()'><b>TestCase08</b><br>Test class: Tests.QKART_Tests<br>Test method: Verify that insufficient balance error is thrown when the wallet balance is not enough<br>Parameters: Jenga, 60</td>
<td></td>
<td>110</td>
<td>Tests.QKART_Tests@52bf72b5</td></tr>
<tr>
<td title='Tests.QKART_Tests.TestCase09()'><b>TestCase09</b><br>Test class: Tests.QKART_Tests<br>Test method: Verify that a product added to a cart is available when a new tab is added</td>
<td></td>
<td>14</td>
<td>Tests.QKART_Tests@52bf72b5</td></tr>
<tr>
<td title='Tests.QKART_Tests.TestCase07()'><b>TestCase07</b><br>Test class: Tests.QKART_Tests<br>Test method: Verify that the contents made to the cart are saved against the user's login details<br>Parameters: Connector;Xtend Smart Watch</td>
<td></td>
<td>19</td>
<td>Tests.QKART_Tests@52bf72b5</td></tr>
<tr>
<td title='Tests.QKART_Tests.TestCase05()'><b>TestCase05</b><br>Test class: Tests.QKART_Tests<br>Test method: Verify that a new user can add multiple products in to the cart and Checkout<br>Parameters: YONEX Smash Badminton Racquet, Connector, 1 Hacker Way Menlo Park, CA 94025</td>
<td></td>
<td>26</td>
<td>Tests.QKART_Tests@52bf72b5</td></tr>
<tr>
<td title='Tests.QKART_Tests.TestCase04()'><b>TestCase04</b><br>Test class: Tests.QKART_Tests<br>Test method: Verify the existence of size chart for certain items and validate contents of size chart<br>Parameters: Nike Mens Running Shoes</td>
<td></td>
<td>10</td>
<td>Tests.QKART_Tests@52bf72b5</td></tr>
<tr>
<td title='Tests.QKART_Tests.TestCase11()'><b>TestCase11</b><br>Test class: Tests.QKART_Tests<br>Test method: Verify that the contact us dialog works fine<br>Parameters: crio user, criouser@gmail.com, Testing the contact us page</td>
<td></td>
<td>2</td>
<td>Tests.QKART_Tests@52bf72b5</td></tr>
<tr>
<td title='Tests.QKART_Tests.TestCase01()'><b>TestCase01</b><br>Test class: Tests.QKART_Tests<br>Test method: Verify registration happens correctly<br>Parameters: testUsername123, testPassword123</td>
<td></td>
<td>10</td>
<td>Tests.QKART_Tests@52bf72b5</td></tr>
<tr>
<td title='Tests.QKART_Tests.TestCase06()'><b>TestCase06</b><br>Test class: Tests.QKART_Tests<br>Test method: Verify that the contents of the cart can be edited<br>Parameters: Xtend Smart Watch, Yarine Floor Lamp</td>
<td></td>
<td>29</td>
<td>Tests.QKART_Tests@52bf72b5</td></tr>
<tr>
<td title='Tests.QKART_Tests.TestCase03()'><b>TestCase03</b><br>Test class: Tests.QKART_Tests<br>Test method: Verify the functionality of search text box<br>Parameters: Connector</td>
<td></td>
<td>7</td>
<td>Tests.QKART_Tests@52bf72b5</td></tr>
<tr>
<td title='Tests.QKART_Tests.TestCase11()'><b>TestCase11</b><br>Test class: Tests.QKART_Tests<br>Test method: Verify that the contact us dialog works fine<br>Parameters: hacker user !!!, bad_user@gmail.com, <XSS testing></td>
<td></td>
<td>2</td>
<td>Tests.QKART_Tests@52bf72b5</td></tr>
<tr>
<td title='Tests.QKART_Tests.TestCase04()'><b>TestCase04</b><br>Test class: Tests.QKART_Tests<br>Test method: Verify the existence of size chart for certain items and validate contents of size chart<br>Parameters: Roadster</td>
<td></td>
<td>10</td>
<td>Tests.QKART_Tests@52bf72b5</td></tr>
<tr>
<td title='Tests.QKART_Tests.TestCase07()'><b>TestCase07</b><br>Test class: Tests.QKART_Tests<br>Test method: Verify that the contents made to the cart are saved against the user's login details<br>Parameters: Tan Leatherette Weekender Duffle;Xtend Smart Watch</td>
<td></td>
<td>19</td>
<td>Tests.QKART_Tests@52bf72b5</td></tr>
<tr>
<td title='Tests.QKART_Tests.TestCase10()'><b>TestCase10</b><br>Test class: Tests.QKART_Tests<br>Test method: Verify that privacy policy and about us links are working fine</td>
<td></td>
<td>9</td>
<td>Tests.QKART_Tests@52bf72b5</td></tr>
<tr>
<td title='Tests.QKART_Tests.TestCase07()'><b>TestCase07</b><br>Test class: Tests.QKART_Tests<br>Test method: Verify that the contents made to the cart are saved against the user's login details<br>Parameters: Kindle;Jenga</td>
<td></td>
<td>21</td>
<td>Tests.QKART_Tests@52bf72b5</td></tr>
<tr>
<td title='Tests.QKART_Tests.TestCase06()'><b>TestCase06</b><br>Test class: Tests.QKART_Tests<br>Test method: Verify that the contents of the cart can be edited<br>Parameters: Yarine Floor Lamp, Connector</td>
<td></td>
<td>29</td>
<td>Tests.QKART_Tests@52bf72b5</td></tr>
<tr>
<td title='Tests.QKART_Tests.TestCase01()'><b>TestCase01</b><br>Test class: Tests.QKART_Tests<br>Test method: Verify registration happens correctly<br>Parameters: test_123, test_123</td>
<td></td>
<td>8</td>
<td>Tests.QKART_Tests@52bf72b5</td></tr>
<tr>
<td title='Tests.QKART_Tests.TestCase03()'><b>TestCase03</b><br>Test class: Tests.QKART_Tests<br>Test method: Verify the functionality of search text box<br>Parameters: Roadster</td>
<td></td>
<td>7</td>
<td>Tests.QKART_Tests@52bf72b5</td></tr>
<tr>
<td title='Tests.QKART_Tests.TestCase05()'><b>TestCase05</b><br>Test class: Tests.QKART_Tests<br>Test method: Verify that a new user can add multiple products in to the cart and Checkout<br>Parameters: Tan Leatherette Weekender Duffle, YONEX Smash Badminton Racquet, TEST ADDR LINES COUNT GREATER TH</td>
<td></td>
<td>23</td>
<td>Tests.QKART_Tests@52bf72b5</td></tr>
<tr>
<td title='Tests.QKART_Tests.TestCase02()'><b>TestCase02</b><br>Test class: Tests.QKART_Tests<br>Test method: Verify re-registering an already registered user fails<br>Parameters: test_123, test_123</td>
<td></td>
<td>10</td>
<td>Tests.QKART_Tests@52bf72b5</td></tr>
<tr>
<td title='Tests.QKART_Tests.TestCase05()'><b>TestCase05</b><br>Test class: Tests.QKART_Tests<br>Test method: Verify that a new user can add multiple products in to the cart and Checkout<br>Parameters: YONEX Smash Badminton Racquet, Tan Leatherette Weekender Duffle, Addr line 1 addr Line 2 addr line 3</td>
<td></td>
<td>29</td>
<td>Tests.QKART_Tests@52bf72b5</td></tr>
<tr>
<td title='Tests.QKART_Tests.TestCase01()'><b>TestCase01</b><br>Test class: Tests.QKART_Tests<br>Test method: Verify registration happens correctly<br>Parameters: testUsername, testPassword</td>
<td></td>
<td>12</td>
<td>Tests.QKART_Tests@52bf72b5</td></tr>
</table><p>
</body>
</html>