<?xml version="1.0" encoding="UTF-8"?>
<testng-results ignored="0" total="32" passed="31" failed="1" skipped="0">
  <reporter-output>
  </reporter-output>
  <suite started-at="2024-02-21T19:53:41 IST" name="Suite" finished-at="2024-02-21T20:05:59 IST" duration-ms="737568">
    <groups>
      <group name="Sanity_test">
        <method signature="QKART_Tests.TestCase01(java.lang.String,java.lang.String)[pri:1, instance:Tests.QKART_Tests@52bf72b5]" name="TestCase01" class="Tests.QKART_Tests"/>
        <method signature="QKART_Tests.TestCase02(java.lang.String,java.lang.String)[pri:2, instance:Tests.QKART_Tests@52bf72b5]" name="TestCase02" class="Tests.QKART_Tests"/>
        <method signature="QKART_Tests.TestCase03(java.lang.String)[pri:3, instance:Tests.QKART_Tests@52bf72b5]" name="TestCase03" class="Tests.QKART_Tests"/>
        <method signature="QKART_Tests.TestCase05(java.lang.String,java.lang.String,java.lang.String)[pri:5, instance:Tests.QKART_Tests@52bf72b5]" name="TestCase05" class="Tests.QKART_Tests"/>
        <method signature="QKART_Tests.TestCase08(java.lang.String,java.lang.String)[pri:8, instance:Tests.QKART_Tests@52bf72b5]" name="TestCase08" class="Tests.QKART_Tests"/>
        <method signature="QKART_Tests.TestCase12(java.lang.String,java.lang.String)[pri:12, instance:Tests.QKART_Tests@52bf72b5]" name="TestCase12" class="Tests.QKART_Tests"/>
      </group> <!-- Sanity_test -->
      <group name="Regression_Test">
        <method signature="QKART_Tests.TestCase10()[pri:9, instance:Tests.QKART_Tests@52bf72b5]" name="TestCase10" class="Tests.QKART_Tests"/>
        <method signature="QKART_Tests.TestCase09()[pri:10, instance:Tests.QKART_Tests@52bf72b5]" name="TestCase09" class="Tests.QKART_Tests"/>
        <method signature="QKART_Tests.TestCase04(java.lang.String)[pri:4, instance:Tests.QKART_Tests@52bf72b5]" name="TestCase04" class="Tests.QKART_Tests"/>
        <method signature="QKART_Tests.TestCase06(java.lang.String,java.lang.String)[pri:6, instance:Tests.QKART_Tests@52bf72b5]" name="TestCase06" class="Tests.QKART_Tests"/>
        <method signature="QKART_Tests.TestCase07(java.lang.String)[pri:7, instance:Tests.QKART_Tests@52bf72b5]" name="TestCase07" class="Tests.QKART_Tests"/>
        <method signature="QKART_Tests.TestCase11(java.lang.String,java.lang.String,java.lang.String)[pri:11, instance:Tests.QKART_Tests@52bf72b5]" name="TestCase11" class="Tests.QKART_Tests"/>
      </group> <!-- Regression_Test -->
    </groups>
    <test started-at="2024-02-21T19:53:41 IST" name="Test Execution using testNG" finished-at="2024-02-21T20:05:59 IST" duration-ms="737568">
      <class name="Tests.QKART_Tests">
        <test-method is-config="true" signature="createDriver()[pri:0, instance:Tests.QKART_Tests@52bf72b5]" started-at="2024-02-21T19:53:32 IST" name="createDriver" finished-at="2024-02-21T19:53:41 IST" duration-ms="9371" status="PASS">
          <reporter-output>
          </reporter-output>
        </test-method> <!-- createDriver -->
        <test-method signature="TestCase01(java.lang.String,java.lang.String)[pri:1, instance:Tests.QKART_Tests@52bf72b5]" started-at="2024-02-21T19:53:43 IST" name="TestCase01" description="Verify registration happens correctly" data-provider="data-provider" finished-at="2024-02-21T19:53:55 IST" duration-ms="12036" status="PASS">
          <params>
            <param index="0">
              <value>
                <![CDATA[testUsername]]>
              </value>
            </param>
            <param index="1">
              <value>
                <![CDATA[testPassword]]>
              </value>
            </param>
          </params>
          <reporter-output>
          </reporter-output>
        </test-method> <!-- TestCase01 -->
        <test-method signature="TestCase01(java.lang.String,java.lang.String)[pri:1, instance:Tests.QKART_Tests@52bf72b5]" started-at="2024-02-21T19:53:58 IST" name="TestCase01" description="Verify registration happens correctly" data-provider="data-provider" finished-at="2024-02-21T19:54:08 IST" duration-ms="10014" status="PASS">
          <params>
            <param index="0">
              <value>
                <![CDATA[testUsername123]]>
              </value>
            </param>
            <param index="1">
              <value>
                <![CDATA[testPassword123]]>
              </value>
            </param>
          </params>
          <reporter-output>
          </reporter-output>
        </test-method> <!-- TestCase01 -->
        <test-method signature="TestCase01(java.lang.String,java.lang.String)[pri:1, instance:Tests.QKART_Tests@52bf72b5]" started-at="2024-02-21T19:54:09 IST" name="TestCase01" description="Verify registration happens correctly" data-provider="data-provider" finished-at="2024-02-21T19:54:17 IST" duration-ms="8152" status="PASS">
          <params>
            <param index="0">
              <value>
                <![CDATA[test_123]]>
              </value>
            </param>
            <param index="1">
              <value>
                <![CDATA[test_123]]>
              </value>
            </param>
          </params>
          <reporter-output>
          </reporter-output>
        </test-method> <!-- TestCase01 -->
        <test-method signature="TestCase02(java.lang.String,java.lang.String)[pri:2, instance:Tests.QKART_Tests@52bf72b5]" started-at="2024-02-21T19:54:18 IST" name="TestCase02" description="Verify re-registering an already registered user fails" data-provider="data-provider" finished-at="2024-02-21T19:54:29 IST" duration-ms="11559" status="PASS">
          <params>
            <param index="0">
              <value>
                <![CDATA[testUsername]]>
              </value>
            </param>
            <param index="1">
              <value>
                <![CDATA[testPassword]]>
              </value>
            </param>
          </params>
          <reporter-output>
          </reporter-output>
        </test-method> <!-- TestCase02 -->
        <test-method signature="TestCase02(java.lang.String,java.lang.String)[pri:2, instance:Tests.QKART_Tests@52bf72b5]" started-at="2024-02-21T19:54:30 IST" name="TestCase02" description="Verify re-registering an already registered user fails" data-provider="data-provider" finished-at="2024-02-21T19:54:41 IST" duration-ms="11113" status="PASS">
          <params>
            <param index="0">
              <value>
                <![CDATA[testUsername123]]>
              </value>
            </param>
            <param index="1">
              <value>
                <![CDATA[testPassword123]]>
              </value>
            </param>
          </params>
          <reporter-output>
          </reporter-output>
        </test-method> <!-- TestCase02 -->
        <test-method signature="TestCase02(java.lang.String,java.lang.String)[pri:2, instance:Tests.QKART_Tests@52bf72b5]" started-at="2024-02-21T19:54:41 IST" name="TestCase02" description="Verify re-registering an already registered user fails" data-provider="data-provider" finished-at="2024-02-21T19:54:52 IST" duration-ms="10307" status="PASS">
          <params>
            <param index="0">
              <value>
                <![CDATA[test_123]]>
              </value>
            </param>
            <param index="1">
              <value>
                <![CDATA[test_123]]>
              </value>
            </param>
          </params>
          <reporter-output>
          </reporter-output>
        </test-method> <!-- TestCase02 -->
        <test-method signature="TestCase03(java.lang.String)[pri:3, instance:Tests.QKART_Tests@52bf72b5]" started-at="2024-02-21T19:54:52 IST" name="TestCase03" description="Verify the functionality of search text box" data-provider="data-provider" finished-at="2024-02-21T19:55:00 IST" duration-ms="7319" status="PASS">
          <params>
            <param index="0">
              <value>
                <![CDATA[YONEX]]>
              </value>
            </param>
          </params>
          <reporter-output>
          </reporter-output>
        </test-method> <!-- TestCase03 -->
        <test-method signature="TestCase03(java.lang.String)[pri:3, instance:Tests.QKART_Tests@52bf72b5]" started-at="2024-02-21T19:55:00 IST" name="TestCase03" description="Verify the functionality of search text box" data-provider="data-provider" finished-at="2024-02-21T19:55:07 IST" duration-ms="7321" status="PASS">
          <params>
            <param index="0">
              <value>
                <![CDATA[Roadster]]>
              </value>
            </param>
          </params>
          <reporter-output>
          </reporter-output>
        </test-method> <!-- TestCase03 -->
        <test-method signature="TestCase03(java.lang.String)[pri:3, instance:Tests.QKART_Tests@52bf72b5]" started-at="2024-02-21T19:55:08 IST" name="TestCase03" description="Verify the functionality of search text box" data-provider="data-provider" finished-at="2024-02-21T19:55:16 IST" duration-ms="7996" status="PASS">
          <params>
            <param index="0">
              <value>
                <![CDATA[Connector]]>
              </value>
            </param>
          </params>
          <reporter-output>
          </reporter-output>
        </test-method> <!-- TestCase03 -->
        <test-method signature="TestCase04(java.lang.String)[pri:4, instance:Tests.QKART_Tests@52bf72b5]" started-at="2024-02-21T19:55:16 IST" name="TestCase04" description="Verify the existence of size chart for certain items and validate contents of size chart" data-provider="data-provider" finished-at="2024-02-21T19:55:27 IST" duration-ms="10718" status="PASS">
          <params>
            <param index="0">
              <value>
                <![CDATA[Nike Mens Running Shoes]]>
              </value>
            </param>
          </params>
          <reporter-output>
          </reporter-output>
        </test-method> <!-- TestCase04 -->
        <test-method signature="TestCase04(java.lang.String)[pri:4, instance:Tests.QKART_Tests@52bf72b5]" started-at="2024-02-21T19:55:28 IST" name="TestCase04" description="Verify the existence of size chart for certain items and validate contents of size chart" data-provider="data-provider" finished-at="2024-02-21T19:55:38 IST" duration-ms="10241" status="PASS">
          <params>
            <param index="0">
              <value>
                <![CDATA[Roadster]]>
              </value>
            </param>
          </params>
          <reporter-output>
          </reporter-output>
        </test-method> <!-- TestCase04 -->
        <test-method signature="TestCase04(java.lang.String)[pri:4, instance:Tests.QKART_Tests@52bf72b5]" started-at="2024-02-21T19:55:38 IST" name="TestCase04" description="Verify the existence of size chart for certain items and validate contents of size chart" data-provider="data-provider" finished-at="2024-02-21T19:55:49 IST" duration-ms="10563" status="PASS">
          <params>
            <param index="0">
              <value>
                <![CDATA[HandBag]]>
              </value>
            </param>
          </params>
          <reporter-output>
          </reporter-output>
        </test-method> <!-- TestCase04 -->
        <test-method signature="TestCase05(java.lang.String,java.lang.String,java.lang.String)[pri:5, instance:Tests.QKART_Tests@52bf72b5]" started-at="2024-02-21T19:55:49 IST" name="TestCase05" description="Verify that a new user can add multiple products in to the cart and Checkout" data-provider="data-provider" finished-at="2024-02-21T19:56:18 IST" duration-ms="29060" status="PASS">
          <params>
            <param index="0">
              <value>
                <![CDATA[YONEX Smash Badminton Racquet]]>
              </value>
            </param>
            <param index="1">
              <value>
                <![CDATA[Tan Leatherette Weekender Duffle]]>
              </value>
            </param>
            <param index="2">
              <value>
                <![CDATA[Addr line 1 addr Line 2 addr line 3]]>
              </value>
            </param>
          </params>
          <reporter-output>
          </reporter-output>
        </test-method> <!-- TestCase05 -->
        <test-method signature="TestCase05(java.lang.String,java.lang.String,java.lang.String)[pri:5, instance:Tests.QKART_Tests@52bf72b5]" started-at="2024-02-21T19:56:19 IST" name="TestCase05" description="Verify that a new user can add multiple products in to the cart and Checkout" data-provider="data-provider" finished-at="2024-02-21T19:56:43 IST" duration-ms="23928" status="PASS">
          <params>
            <param index="0">
              <value>
                <![CDATA[Tan Leatherette Weekender Duffle]]>
              </value>
            </param>
            <param index="1">
              <value>
                <![CDATA[YONEX Smash Badminton Racquet]]>
              </value>
            </param>
            <param index="2">
              <value>
                <![CDATA[TEST ADDR LINES COUNT GREATER TH]]>
              </value>
            </param>
          </params>
          <reporter-output>
          </reporter-output>
        </test-method> <!-- TestCase05 -->
        <test-method signature="TestCase05(java.lang.String,java.lang.String,java.lang.String)[pri:5, instance:Tests.QKART_Tests@52bf72b5]" started-at="2024-02-21T19:56:44 IST" name="TestCase05" description="Verify that a new user can add multiple products in to the cart and Checkout" data-provider="data-provider" finished-at="2024-02-21T19:57:10 IST" duration-ms="26647" status="PASS">
          <params>
            <param index="0">
              <value>
                <![CDATA[YONEX Smash Badminton Racquet]]>
              </value>
            </param>
            <param index="1">
              <value>
                <![CDATA[Connector]]>
              </value>
            </param>
            <param index="2">
              <value>
                <![CDATA[1 Hacker Way Menlo Park, CA 94025]]>
              </value>
            </param>
          </params>
          <reporter-output>
          </reporter-output>
        </test-method> <!-- TestCase05 -->
        <test-method signature="TestCase06(java.lang.String,java.lang.String)[pri:6, instance:Tests.QKART_Tests@52bf72b5]" started-at="2024-02-21T19:57:11 IST" name="TestCase06" description="Verify that the contents of the cart can be edited" data-provider="data-provider" finished-at="2024-02-21T19:57:41 IST" duration-ms="29680" status="PASS">
          <params>
            <param index="0">
              <value>
                <![CDATA[Xtend Smart Watch]]>
              </value>
            </param>
            <param index="1">
              <value>
                <![CDATA[Yarine Floor Lamp]]>
              </value>
            </param>
          </params>
          <reporter-output>
          </reporter-output>
        </test-method> <!-- TestCase06 -->
        <test-method signature="TestCase06(java.lang.String,java.lang.String)[pri:6, instance:Tests.QKART_Tests@52bf72b5]" started-at="2024-02-21T19:57:41 IST" name="TestCase06" description="Verify that the contents of the cart can be edited" data-provider="data-provider" finished-at="2024-02-21T19:58:11 IST" duration-ms="29743" status="PASS">
          <params>
            <param index="0">
              <value>
                <![CDATA[Yarine Floor Lamp]]>
              </value>
            </param>
            <param index="1">
              <value>
                <![CDATA[Connector]]>
              </value>
            </param>
          </params>
          <reporter-output>
          </reporter-output>
        </test-method> <!-- TestCase06 -->
        <test-method signature="TestCase06(java.lang.String,java.lang.String)[pri:6, instance:Tests.QKART_Tests@52bf72b5]" started-at="2024-02-21T19:58:11 IST" name="TestCase06" description="Verify that the contents of the cart can be edited" data-provider="data-provider" finished-at="2024-02-21T19:58:42 IST" duration-ms="30866" status="PASS">
          <params>
            <param index="0">
              <value>
                <![CDATA[Connector]]>
              </value>
            </param>
            <param index="1">
              <value>
                <![CDATA[Kindle]]>
              </value>
            </param>
          </params>
          <reporter-output>
          </reporter-output>
        </test-method> <!-- TestCase06 -->
        <test-method signature="TestCase07(java.lang.String)[pri:7, instance:Tests.QKART_Tests@52bf72b5]" started-at="2024-02-21T19:58:43 IST" name="TestCase07" description="Verify that the contents made to the cart are saved against the user&#039;s login details" data-provider="data-provider" finished-at="2024-02-21T19:59:03 IST" duration-ms="19771" status="PASS">
          <params>
            <param index="0">
              <value>
                <![CDATA[Tan Leatherette Weekender Duffle;Xtend Smart Watch]]>
              </value>
            </param>
          </params>
          <reporter-output>
          </reporter-output>
        </test-method> <!-- TestCase07 -->
        <test-method signature="TestCase07(java.lang.String)[pri:7, instance:Tests.QKART_Tests@52bf72b5]" started-at="2024-02-21T19:59:03 IST" name="TestCase07" description="Verify that the contents made to the cart are saved against the user&#039;s login details" data-provider="data-provider" finished-at="2024-02-21T19:59:23 IST" duration-ms="19856" status="PASS">
          <params>
            <param index="0">
              <value>
                <![CDATA[Connector;Xtend Smart Watch]]>
              </value>
            </param>
          </params>
          <reporter-output>
          </reporter-output>
        </test-method> <!-- TestCase07 -->
        <test-method signature="TestCase07(java.lang.String)[pri:7, instance:Tests.QKART_Tests@52bf72b5]" started-at="2024-02-21T19:59:24 IST" name="TestCase07" description="Verify that the contents made to the cart are saved against the user&#039;s login details" data-provider="data-provider" finished-at="2024-02-21T19:59:46 IST" duration-ms="21754" status="PASS">
          <params>
            <param index="0">
              <value>
                <![CDATA[Kindle;Jenga]]>
              </value>
            </param>
          </params>
          <reporter-output>
          </reporter-output>
        </test-method> <!-- TestCase07 -->
        <test-method signature="TestCase08(java.lang.String,java.lang.String)[pri:8, instance:Tests.QKART_Tests@52bf72b5]" started-at="2024-02-21T19:59:47 IST" name="TestCase08" description="Verify that insufficient balance error is thrown when the wallet balance is not enough" data-provider="data-provider" finished-at="2024-02-21T20:01:38 IST" duration-ms="111686" status="PASS">
          <params>
            <param index="0">
              <value>
                <![CDATA[Tan Leatherette Weekender Duffle]]>
              </value>
            </param>
            <param index="1">
              <value>
                <![CDATA[60]]>
              </value>
            </param>
          </params>
          <reporter-output>
          </reporter-output>
        </test-method> <!-- TestCase08 -->
        <test-method signature="TestCase08(java.lang.String,java.lang.String)[pri:8, instance:Tests.QKART_Tests@52bf72b5]" started-at="2024-02-21T20:01:38 IST" name="TestCase08" description="Verify that insufficient balance error is thrown when the wallet balance is not enough" data-provider="data-provider" finished-at="2024-02-21T20:02:19 IST" duration-ms="40142" status="FAIL">
          <params>
            <param index="0">
              <value>
                <![CDATA[SuitCase]]>
              </value>
            </param>
            <param index="1">
              <value>
                <![CDATA[50]]>
              </value>
            </param>
          </params>
          <exception class="java.lang.AssertionError">
            <message>
              <![CDATA[Insufficient balance message not shown expected [true] but found [false]]]>
            </message>
            <full-stacktrace>
              <![CDATA[java.lang.AssertionError: Insufficient balance message not shown expected [true] but found [false]
at org.testng.Assert.fail(Assert.java:99)
at org.testng.Assert.failNotEquals(Assert.java:1037)
at org.testng.Assert.assertTrue(Assert.java:45)
at Tests.QKART_Tests.TestCase08(QKART_Tests.java:416)
at java.base/jdk.internal.reflect.DirectMethodHandleAccessor.invoke(DirectMethodHandleAccessor.java:103)
at java.base/java.lang.reflect.Method.invoke(Method.java:580)
at org.testng.internal.MethodInvocationHelper.invokeMethod(MethodInvocationHelper.java:133)
at org.testng.internal.TestInvoker.invokeMethod(TestInvoker.java:598)
at org.testng.internal.TestInvoker.invokeTestMethod(TestInvoker.java:173)
at org.testng.internal.MethodRunner.runInSequence(MethodRunner.java:46)
at org.testng.internal.TestInvoker$MethodInvocationAgent.invoke(TestInvoker.java:824)
at org.testng.internal.TestInvoker.invokeTestMethods(TestInvoker.java:146)
at org.testng.internal.TestMethodWorker.invokeTestMethods(TestMethodWorker.java:146)
at org.testng.internal.TestMethodWorker.run(TestMethodWorker.java:128)
at java.base/java.util.ArrayList.forEach(ArrayList.java:1596)
at org.testng.TestRunner.privateRun(TestRunner.java:794)
at org.testng.TestRunner.run(TestRunner.java:596)
at org.testng.SuiteRunner.runTest(SuiteRunner.java:377)
at org.testng.SuiteRunner.runSequentially(SuiteRunner.java:371)
at org.testng.SuiteRunner.privateRun(SuiteRunner.java:332)
at org.testng.SuiteRunner.run(SuiteRunner.java:276)
at org.testng.SuiteRunnerWorker.runSuite(SuiteRunnerWorker.java:53)
at org.testng.SuiteRunnerWorker.run(SuiteRunnerWorker.java:96)
at org.testng.TestNG.runSuitesSequentially(TestNG.java:1212)
at org.testng.TestNG.runSuitesLocally(TestNG.java:1134)
at org.testng.TestNG.runSuites(TestNG.java:1063)
at org.testng.TestNG.run(TestNG.java:1031)
at org.testng.remote.AbstractRemoteTestNG.run(AbstractRemoteTestNG.java:115)
at org.testng.remote.RemoteTestNG.initAndRun(RemoteTestNG.java:251)
at org.testng.remote.RemoteTestNG.main(RemoteTestNG.java:77)
]]>
            </full-stacktrace>
          </exception> <!-- java.lang.AssertionError -->
          <reporter-output>
          </reporter-output>
        </test-method> <!-- TestCase08 -->
        <test-method signature="TestCase08(java.lang.String,java.lang.String)[pri:8, instance:Tests.QKART_Tests@52bf72b5]" started-at="2024-02-21T20:02:19 IST" name="TestCase08" description="Verify that insufficient balance error is thrown when the wallet balance is not enough" data-provider="data-provider" finished-at="2024-02-21T20:04:10 IST" duration-ms="110961" status="PASS">
          <params>
            <param index="0">
              <value>
                <![CDATA[Jenga]]>
              </value>
            </param>
            <param index="1">
              <value>
                <![CDATA[60]]>
              </value>
            </param>
          </params>
          <reporter-output>
          </reporter-output>
        </test-method> <!-- TestCase08 -->
        <test-method signature="TestCase10()[pri:9, instance:Tests.QKART_Tests@52bf72b5]" started-at="2024-02-21T20:04:10 IST" name="TestCase10" description="Verify that privacy policy and about us links are working fine" finished-at="2024-02-21T20:04:19 IST" duration-ms="9557" status="PASS">
          <reporter-output>
          </reporter-output>
        </test-method> <!-- TestCase10 -->
        <test-method signature="TestCase09()[pri:10, instance:Tests.QKART_Tests@52bf72b5]" started-at="2024-02-21T20:04:20 IST" name="TestCase09" description="Verify that a product added to a cart is available when a new tab is added" finished-at="2024-02-21T20:04:34 IST" depends-on-methods="Tests.QKART_Tests.TestCase10" duration-ms="14319" status="PASS">
          <reporter-output>
          </reporter-output>
        </test-method> <!-- TestCase09 -->
        <test-method signature="TestCase11(java.lang.String,java.lang.String,java.lang.String)[pri:11, instance:Tests.QKART_Tests@52bf72b5]" started-at="2024-02-21T20:04:34 IST" name="TestCase11" description="Verify that the contact us dialog works fine" data-provider="data-provider" finished-at="2024-02-21T20:04:37 IST" duration-ms="2412" status="PASS">
          <params>
            <param index="0">
              <value>
                <![CDATA[crio user]]>
              </value>
            </param>
            <param index="1">
              <value>
                <![CDATA[criouser@gmail.com]]>
              </value>
            </param>
            <param index="2">
              <value>
                <![CDATA[Testing the contact us page]]>
              </value>
            </param>
          </params>
          <reporter-output>
          </reporter-output>
        </test-method> <!-- TestCase11 -->
        <test-method signature="TestCase11(java.lang.String,java.lang.String,java.lang.String)[pri:11, instance:Tests.QKART_Tests@52bf72b5]" started-at="2024-02-21T20:04:37 IST" name="TestCase11" description="Verify that the contact us dialog works fine" data-provider="data-provider" finished-at="2024-02-21T20:04:40 IST" duration-ms="2910" status="PASS">
          <params>
            <param index="0">
              <value>
                <![CDATA[facebook user]]>
              </value>
            </param>
            <param index="1">
              <value>
                <![CDATA[test_user__@gmail.com]]>
              </value>
            </param>
            <param index="2">
              <value>
                <![CDATA[!!!special characters!!]]>
              </value>
            </param>
          </params>
          <reporter-output>
          </reporter-output>
        </test-method> <!-- TestCase11 -->
        <test-method signature="TestCase11(java.lang.String,java.lang.String,java.lang.String)[pri:11, instance:Tests.QKART_Tests@52bf72b5]" started-at="2024-02-21T20:04:40 IST" name="TestCase11" description="Verify that the contact us dialog works fine" data-provider="data-provider" finished-at="2024-02-21T20:04:43 IST" duration-ms="2880" status="PASS">
          <params>
            <param index="0">
              <value>
                <![CDATA[hacker user !!!]]>
              </value>
            </param>
            <param index="1">
              <value>
                <![CDATA[bad_user@gmail.com]]>
              </value>
            </param>
            <param index="2">
              <value>
                <![CDATA[<XSS testing>]]>
              </value>
            </param>
          </params>
          <reporter-output>
          </reporter-output>
        </test-method> <!-- TestCase11 -->
        <test-method signature="TestCase12(java.lang.String,java.lang.String)[pri:12, instance:Tests.QKART_Tests@52bf72b5]" started-at="2024-02-21T20:04:43 IST" name="TestCase12" description="Ensure that the Advertisement Links on the QKART page are clickable" data-provider="data-provider" finished-at="2024-02-21T20:05:07 IST" duration-ms="23562" status="PASS">
          <params>
            <param index="0">
              <value>
                <![CDATA[YONEX Smash Badminton Racquet]]>
              </value>
            </param>
            <param index="1">
              <value>
                <![CDATA[Addr line 1 addr Line 2 addr line 3]]>
              </value>
            </param>
          </params>
          <reporter-output>
          </reporter-output>
        </test-method> <!-- TestCase12 -->
        <test-method signature="TestCase12(java.lang.String,java.lang.String)[pri:12, instance:Tests.QKART_Tests@52bf72b5]" started-at="2024-02-21T20:05:07 IST" name="TestCase12" description="Ensure that the Advertisement Links on the QKART page are clickable" data-provider="data-provider" finished-at="2024-02-21T20:05:33 IST" duration-ms="25349" status="PASS">
          <params>
            <param index="0">
              <value>
                <![CDATA[Connector]]>
              </value>
            </param>
            <param index="1">
              <value>
                <![CDATA[Apple Park, Cupertino, CA, U.S. - CA]]>
              </value>
            </param>
          </params>
          <reporter-output>
          </reporter-output>
        </test-method> <!-- TestCase12 -->
        <test-method signature="TestCase12(java.lang.String,java.lang.String)[pri:12, instance:Tests.QKART_Tests@52bf72b5]" started-at="2024-02-21T20:05:33 IST" name="TestCase12" description="Ensure that the Advertisement Links on the QKART page are clickable" data-provider="data-provider" finished-at="2024-02-21T20:05:58 IST" duration-ms="25582" status="PASS">
          <params>
            <param index="0">
              <value>
                <![CDATA[Kindle]]>
              </value>
            </param>
            <param index="1">
              <value>
                <![CDATA[Dubai main road , Near Bus Stand]]>
              </value>
            </param>
          </params>
          <reporter-output>
          </reporter-output>
        </test-method> <!-- TestCase12 -->
        <test-method is-config="true" signature="quitDriver()[pri:0, instance:Tests.QKART_Tests@52bf72b5]" started-at="2024-02-21T20:05:59 IST" name="quitDriver" finished-at="2024-02-21T20:05:59 IST" duration-ms="759" status="PASS">
          <reporter-output>
          </reporter-output>
        </test-method> <!-- quitDriver -->
      </class> <!-- Tests.QKART_Tests -->
    </test> <!-- Test Execution using testNG -->
  </suite> <!-- Suite -->
</testng-results>
